Using pre-set license
Built from '2021.3/staging' branch; Version is '2021.3.2f1 (d6360bedb9a0) revision 14038539'; Using compiler version '192829333'; Build Type 'Release'
OS: 'Windows 11  (10.0.22000) 64bit Core' Language: 'en' Physical Memory: 8072 MB
BatchMode: 1, IsHumanControllingUs: 0, StartBugReporterOnCrash: 0, Is64bit: 1, IsPro: 1

COMMAND LINE ARGUMENTS:
E:\Unity\New folder\2021.3.2f1\Editor\Unity.exe
-adb2
-batchMode
-noUpm
-name
AssetImportWorker0
-projectPath
E:/Unity/Week2labStart_CarsPrefabs
-logFile
Logs/AssetImportWorker0.log
-srvPort
63537
Successfully changed project path to: E:/Unity/Week2labStart_CarsPrefabs
E:/Unity/Week2labStart_CarsPrefabs
[UnityMemory] Configuration Parameters - Can be set up in boot.config
    "memorysetup-bucket-allocator-granularity=16"
    "memorysetup-bucket-allocator-bucket-count=8"
    "memorysetup-bucket-allocator-block-size=33554432"
    "memorysetup-bucket-allocator-block-count=8"
    "memorysetup-main-allocator-block-size=16777216"
    "memorysetup-thread-allocator-block-size=16777216"
    "memorysetup-gfx-main-allocator-block-size=16777216"
    "memorysetup-gfx-thread-allocator-block-size=16777216"
    "memorysetup-cache-allocator-block-size=4194304"
    "memorysetup-typetree-allocator-block-size=2097152"
    "memorysetup-profiler-bucket-allocator-granularity=16"
    "memorysetup-profiler-bucket-allocator-bucket-count=8"
    "memorysetup-profiler-bucket-allocator-block-size=33554432"
    "memorysetup-profiler-bucket-allocator-block-count=8"
    "memorysetup-profiler-allocator-block-size=16777216"
    "memorysetup-profiler-editor-allocator-block-size=1048576"
    "memorysetup-temp-allocator-size-main=16777216"
    "memorysetup-job-temp-allocator-block-size=2097152"
    "memorysetup-job-temp-allocator-block-size-background=1048576"
    "memorysetup-job-temp-allocator-reduction-small-platforms=262144"
    "memorysetup-temp-allocator-size-background-worker=32768"
    "memorysetup-temp-allocator-size-job-worker=262144"
    "memorysetup-temp-allocator-size-preload-manager=33554432"
    "memorysetup-temp-allocator-size-nav-mesh-worker=65536"
    "memorysetup-temp-allocator-size-audio-worker=65536"
    "memorysetup-temp-allocator-size-cloud-worker=32768"
    "memorysetup-temp-allocator-size-gi-baking-worker=262144"
    "memorysetup-temp-allocator-size-gfx=262144"
Refreshing native plugins compatible for Editor in 20.83 ms, found 0 plugins.
Preloading 0 native plugins for Editor in 0.00 ms.
Initialize engine version: 2021.3.2f1 (d6360bedb9a0)
[Subsystems] Discovering subsystems at path E:/Unity/New folder/2021.3.2f1/Editor/Data/Resources/UnitySubsystems
[Subsystems] Discovering subsystems at path E:/Unity/Week2labStart_CarsPrefabs/Assets
GfxDevice: creating device client; threaded=0; jobified=0
Direct3D:
    Version:  Direct3D 11.0 [level 11.1]
    Renderer: Intel(R) UHD Graphics 620 (ID=0x5917)
    Vendor:   Intel
    VRAM:     4036 MB
    Driver:   26.20.100.7925
Initialize mono
Mono path[0] = 'E:/Unity/New folder/2021.3.2f1/Editor/Data/Managed'
Mono path[1] = 'E:/Unity/New folder/2021.3.2f1/Editor/Data/MonoBleedingEdge/lib/mono/unityjit-win32'
Mono config path = 'E:/Unity/New folder/2021.3.2f1/Editor/Data/MonoBleedingEdge/etc'
Using monoOptions --debugger-agent=transport=dt_socket,embedding=1,server=y,suspend=n,address=127.0.0.1:56044
Begin MonoManager ReloadAssembly
Registering precompiled unity dll's ...
Register platform support module: E:/Unity/New folder/2021.3.2f1/Editor/Data/PlaybackEngines/WebGLSupport/UnityEditor.WebGL.Extensions.dll
Register platform support module: E:/Unity/New folder/2021.3.2f1/Editor/Data/PlaybackEngines/WindowsStandaloneSupport/UnityEditor.WindowsStandalone.Extensions.dll
Registered in 0.011262 seconds.
Native extension for WindowsStandalone target not found
Native extension for WebGL target not found
Refreshing native plugins compatible for Editor in 15.23 ms, found 0 plugins.
Preloading 0 native plugins for Editor in 0.00 ms.
Mono: successfully reloaded assembly
- Completed reload, in  1.088 seconds
Domain Reload Profiling:
	ReloadAssembly (1089ms)
		BeginReloadAssembly (182ms)
			ExecutionOrderSort (0ms)
			DisableScriptedObjects (0ms)
			BackupInstance (0ms)
			ReleaseScriptingObjects (0ms)
			CreateAndSetChildDomain (2ms)
		EndReloadAssembly (691ms)
			LoadAssemblies (180ms)
			RebuildTransferFunctionScriptingTraits (0ms)
			SetupTypeCache (250ms)
			ReleaseScriptCaches (0ms)
			RebuildScriptCaches (37ms)
			SetupLoadedEditorAssemblies (332ms)
				LogAssemblyErrors (0ms)
				InitializePlatformSupportModulesInManaged (12ms)
				SetLoadedEditorAssemblies (0ms)
				RefreshPlugins (15ms)
				BeforeProcessingInitializeOnLoad (1ms)
				ProcessInitializeOnLoadAttributes (221ms)
				ProcessInitializeOnLoadMethodAttributes (82ms)
				AfterProcessingInitializeOnLoad (0ms)
				EditorAssembliesLoaded (0ms)
			ExecutionOrderSort2 (0ms)
			AwakeInstancesAfterBackupRestoration (0ms)
Platform modules already initialized, skipping
Registering precompiled user dll's ...
Registered in 0.000598 seconds.
Begin MonoManager ReloadAssembly
Native extension for WindowsStandalone target not found
Native extension for WebGL target not found
Refreshing native plugins compatible for Editor in 0.09 ms, found 0 plugins.
Preloading 0 native plugins for Editor in 0.00 ms.
Mono: successfully reloaded assembly
- Completed reload, in  1.029 seconds
Domain Reload Profiling:
	ReloadAssembly (1030ms)
		BeginReloadAssembly (224ms)
			ExecutionOrderSort (0ms)
			DisableScriptedObjects (8ms)
			BackupInstance (0ms)
			ReleaseScriptingObjects (0ms)
			CreateAndSetChildDomain (27ms)
		EndReloadAssembly (637ms)
			LoadAssemblies (153ms)
			RebuildTransferFunctionScriptingTraits (0ms)
			SetupTypeCache (188ms)
			ReleaseScriptCaches (0ms)
			RebuildScriptCaches (39ms)
			SetupLoadedEditorAssemblies (243ms)
				LogAssemblyErrors (0ms)
				InitializePlatformSupportModulesInManaged (9ms)
				SetLoadedEditorAssemblies (1ms)
				RefreshPlugins (0ms)
				BeforeProcessingInitializeOnLoad (43ms)
				ProcessInitializeOnLoadAttributes (157ms)
				ProcessInitializeOnLoadMethodAttributes (27ms)
				AfterProcessingInitializeOnLoad (7ms)
				EditorAssembliesLoaded (0ms)
			ExecutionOrderSort2 (0ms)
			AwakeInstancesAfterBackupRestoration (11ms)
Platform modules already initialized, skipping
========================================================================
Worker process is ready to serve import requests
Launched and connected shader compiler UnityShaderCompiler.exe after 0.13 seconds
Refreshing native plugins compatible for Editor in 0.11 ms, found 0 plugins.
Preloading 0 native plugins for Editor in 0.00 ms.
Unloading 325 Unused Serialized files (Serialized files now loaded: 0)
Unloading 8 unused Assets / (56.1 KB). Loaded Objects now: 798.
Memory consumption went from 30.5 MB to 30.5 MB.
Total: 3.121900 ms (FindLiveObjects: 0.086000 ms CreateObjectMapping: 0.017600 ms MarkObjects: 2.946300 ms  DeleteObjects: 0.070800 ms)

AssetImportParameters requested are different than current active one (requested -> active):
  custom:video-decoder-ogg-theora: a1e56fd34408186e4bbccfd4996cb3dc -> 
  custom:container-muxer-webm: aa71ff27fc2769a1b78a27578f13a17b -> 
  custom:container-demuxer-webm: 4f35f7cbe854078d1ac9338744f61a02 -> 
  custom:video-encoder-webm-vp8: eb34c28f22e8b96e1ab97ce403110664 -> 
  custom:audio-encoder-webm-vorbis: bf7c407c2cedff20999df2af8eb42d56 -> 
  custom:framework-win-MediaFoundation: 216162199b28c13a410421893ffa2e32 -> 
  custom:container-demuxer-ogg: 62fdf1f143b41e24485cea50d1cbac27 -> 
  custom:video-decoder-webm-vp8: 9c59270c3fd7afecdb556c50c9e8de78 -> 
  custom:audio-decoder-ogg-vorbis: bf7c407c2cedff20999df2af8eb42d56 -> 
========================================================================
Received Import Request.
  Time since last request: 59727.688113 seconds.
  path: Assets/Prefabs/Car fast.prefab
  artifactKey: Guid(8d90c2bd2e6925149aa7d463c3004fbd) Importer(815301076,1909f56bfc062723c751e8b465ee728b)
Start importing Assets/Prefabs/Car fast.prefab using Guid(8d90c2bd2e6925149aa7d463c3004fbd) Importer(815301076,1909f56bfc062723c751e8b465ee728b)  -> (artifact id: '5e6ee21244064c517ff142fe97696102') in 0.191525 seconds 
========================================================================
Received Import Request.
  Time since last request: 7.274949 seconds.
  path: Assets/Prefabs/Car slow.prefab
  artifactKey: Guid(139ef61b440c78b40b55b8ea83a2c2ca) Importer(815301076,1909f56bfc062723c751e8b465ee728b)
Start importing Assets/Prefabs/Car slow.prefab using Guid(139ef61b440c78b40b55b8ea83a2c2ca) Importer(815301076,1909f56bfc062723c751e8b465ee728b)  -> (artifact id: '7e300e7a755ea9fba94c12f1b512b8ca') in 0.048085 seconds 
========================================================================
Received Import Request.
  Time since last request: 186.280291 seconds.
  path: Assets/Prefabs/Car but speed.prefab
  artifactKey: Guid(f4072003bfcbec04e87c9604eb55f1e6) Importer(815301076,1909f56bfc062723c751e8b465ee728b)
Start importing Assets/Prefabs/Car but speed.prefab using Guid(f4072003bfcbec04e87c9604eb55f1e6) Importer(815301076,1909f56bfc062723c751e8b465ee728b)  -> (artifact id: '5f97b7b5b61427801a3877255b6cfc89') in 0.027729 seconds 
========================================================================
Received Import Request.
  Time since last request: 0.000020 seconds.
  path: Assets/Prefabs/Car slow.prefab
  artifactKey: Guid(139ef61b440c78b40b55b8ea83a2c2ca) Importer(815301076,1909f56bfc062723c751e8b465ee728b)
Start importing Assets/Prefabs/Car slow.prefab using Guid(139ef61b440c78b40b55b8ea83a2c2ca) Importer(815301076,1909f56bfc062723c751e8b465ee728b)  -> (artifact id: '234954d7e0ec362f231e42593b04da4a') in 0.039757 seconds 
========================================================================
Received Import Request.
  Time since last request: 0.000042 seconds.
  path: Assets/Prefabs/Car.prefab
  artifactKey: Guid(826a77d6782d5da4aa0074f803118fa3) Importer(815301076,1909f56bfc062723c751e8b465ee728b)
Start importing Assets/Prefabs/Car.prefab using Guid(826a77d6782d5da4aa0074f803118fa3) Importer(815301076,1909f56bfc062723c751e8b465ee728b)  -> (artifact id: '36210a1ad821907af6041a778d39275e') in 0.034054 seconds 
========================================================================
Received Import Request.
  Time since last request: 9.394240 seconds.
  path: Assets/Prefabs/Car but speed.prefab
  artifactKey: Guid(f4072003bfcbec04e87c9604eb55f1e6) Importer(815301076,1909f56bfc062723c751e8b465ee728b)
Start importing Assets/Prefabs/Car but speed.prefab using Guid(f4072003bfcbec04e87c9604eb55f1e6) Importer(815301076,1909f56bfc062723c751e8b465ee728b)  -> (artifact id: '9ef3abdf75e526d1eb0911c54653c030') in 0.027528 seconds 
========================================================================
Received Import Request.
  Time since last request: 0.000018 seconds.
  path: Assets/Prefabs/Car slow.prefab
  artifactKey: Guid(139ef61b440c78b40b55b8ea83a2c2ca) Importer(815301076,1909f56bfc062723c751e8b465ee728b)
Start importing Assets/Prefabs/Car slow.prefab using Guid(139ef61b440c78b40b55b8ea83a2c2ca) Importer(815301076,1909f56bfc062723c751e8b465ee728b)  -> (artifact id: '20537fd778ba67fd2a087983eb81e455') in 0.028683 seconds 
========================================================================
Received Import Request.
  Time since last request: 19.689863 seconds.
  path: Assets/Prefabs/Car fast.prefab
  artifactKey: Guid(8d90c2bd2e6925149aa7d463c3004fbd) Importer(815301076,1909f56bfc062723c751e8b465ee728b)
Start importing Assets/Prefabs/Car fast.prefab using Guid(8d90c2bd2e6925149aa7d463c3004fbd) Importer(815301076,1909f56bfc062723c751e8b465ee728b)  -> (artifact id: '58791dccb494f7c2b44a65ff0a0089ce') in 0.009019 seconds 
========================================================================
Received Import Request.
  Time since last request: 63.903795 seconds.
  path: Assets/Prefabs/Car fast.prefab
  artifactKey: Guid(8d90c2bd2e6925149aa7d463c3004fbd) Importer(815301076,1909f56bfc062723c751e8b465ee728b)
Start importing Assets/Prefabs/Car fast.prefab using Guid(8d90c2bd2e6925149aa7d463c3004fbd) Importer(815301076,1909f56bfc062723c751e8b465ee728b)  -> (artifact id: '6913fa755d5e802d5ece406bdb847de7') in 0.030648 seconds 
========================================================================
Received Import Request.
  Time since last request: 53.070454 seconds.
  path: Assets/Prefabs/Car slow.prefab
  artifactKey: Guid(139ef61b440c78b40b55b8ea83a2c2ca) Importer(815301076,1909f56bfc062723c751e8b465ee728b)
Start importing Assets/Prefabs/Car slow.prefab using Guid(139ef61b440c78b40b55b8ea83a2c2ca) Importer(815301076,1909f56bfc062723c751e8b465ee728b)  -> (artifact id: 'ebb19b6983c052c215073aa4ce49d57b') in 0.035354 seconds 
========================================================================
Received Prepare
Registering precompiled user dll's ...
Registered in 0.001447 seconds.
Begin MonoManager ReloadAssembly
Native extension for WindowsStandalone target not found
Native extension for WebGL target not found
Refreshing native plugins compatible for Editor in 0.09 ms, found 0 plugins.
Preloading 0 native plugins for Editor in 0.00 ms.
Mono: successfully reloaded assembly
- Completed reload, in  0.971 seconds
Domain Reload Profiling:
	ReloadAssembly (972ms)
		BeginReloadAssembly (236ms)
			ExecutionOrderSort (0ms)
			DisableScriptedObjects (8ms)
			BackupInstance (0ms)
			ReleaseScriptingObjects (0ms)
			CreateAndSetChildDomain (28ms)
		EndReloadAssembly (596ms)
			LoadAssemblies (166ms)
			RebuildTransferFunctionScriptingTraits (0ms)
			SetupTypeCache (179ms)
			ReleaseScriptCaches (0ms)
			RebuildScriptCaches (38ms)
			SetupLoadedEditorAssemblies (244ms)
				LogAssemblyErrors (0ms)
				InitializePlatformSupportModulesInManaged (21ms)
				SetLoadedEditorAssemblies (1ms)
				RefreshPlugins (0ms)
				BeforeProcessingInitializeOnLoad (46ms)
				ProcessInitializeOnLoadAttributes (147ms)
				ProcessInitializeOnLoadMethodAttributes (23ms)
				AfterProcessingInitializeOnLoad (6ms)
				EditorAssembliesLoaded (0ms)
			ExecutionOrderSort2 (0ms)
			AwakeInstancesAfterBackupRestoration (13ms)
Platform modules already initialized, skipping
Refreshing native plugins compatible for Editor in 0.24 ms, found 0 plugins.
Preloading 0 native plugins for Editor in 0.00 ms.
Unloading 320 Unused Serialized files (Serialized files now loaded: 0)
Unloading 2 unused Assets / (24.6 KB). Loaded Objects now: 809.
Memory consumption went from 34.4 MB to 34.4 MB.
Total: 2.346100 ms (FindLiveObjects: 0.081500 ms CreateObjectMapping: 0.016600 ms MarkObjects: 2.219600 ms  DeleteObjects: 0.027100 ms)

AssetImportParameters requested are different than current active one (requested -> active):
  custom:video-decoder-ogg-theora: a1e56fd34408186e4bbccfd4996cb3dc -> 
  custom:container-muxer-webm: aa71ff27fc2769a1b78a27578f13a17b -> 
  custom:container-demuxer-webm: 4f35f7cbe854078d1ac9338744f61a02 -> 
  custom:video-encoder-webm-vp8: eb34c28f22e8b96e1ab97ce403110664 -> 
  custom:audio-encoder-webm-vorbis: bf7c407c2cedff20999df2af8eb42d56 -> 
  custom:framework-win-MediaFoundation: 216162199b28c13a410421893ffa2e32 -> 
  custom:container-demuxer-ogg: 62fdf1f143b41e24485cea50d1cbac27 -> 
  custom:video-decoder-webm-vp8: 9c59270c3fd7afecdb556c50c9e8de78 -> 
  custom:audio-decoder-ogg-vorbis: bf7c407c2cedff20999df2af8eb42d56 -> 
========================================================================
Received Import Request.
  Time since last request: 378.337873 seconds.
  path: Assets/Prefabs/Car but speed.prefab
  artifactKey: Guid(f4072003bfcbec04e87c9604eb55f1e6) Importer(815301076,1909f56bfc062723c751e8b465ee728b)
Start importing Assets/Prefabs/Car but speed.prefab using Guid(f4072003bfcbec04e87c9604eb55f1e6) Importer(815301076,1909f56bfc062723c751e8b465ee728b)  -> (artifact id: '772d9be423c17e3133483e192801c0a3') in 0.116019 seconds 
========================================================================
Received Import Request.
  Time since last request: 16.795138 seconds.
  path: Assets/Prefabs/Car slow 2.prefab
  artifactKey: Guid(d51737a6f5a0db8429ad81db99803ba0) Importer(815301076,1909f56bfc062723c751e8b465ee728b)
Start importing Assets/Prefabs/Car slow 2.prefab using Guid(d51737a6f5a0db8429ad81db99803ba0) Importer(815301076,1909f56bfc062723c751e8b465ee728b)  -> (artifact id: 'c72b87228236f2962dc261c1183c91cb') in 0.032349 seconds 
========================================================================
Received Import Request.
  Time since last request: 50.920061 seconds.
  path: Assets/Prefabs/Car slow 2.prefab
  artifactKey: Guid(d51737a6f5a0db8429ad81db99803ba0) Importer(815301076,1909f56bfc062723c751e8b465ee728b)
Start importing Assets/Prefabs/Car slow 2.prefab using Guid(d51737a6f5a0db8429ad81db99803ba0) Importer(815301076,1909f56bfc062723c751e8b465ee728b)  -> (artifact id: 'b40f22b4f14daf6880080c46c6b4819b') in 0.029829 seconds 
========================================================================
Received Import Request.
  Time since last request: 75.627635 seconds.
  path: Assets/Prefabs/Car fast 2.prefab
  artifactKey: Guid(9395ce1bffdb4444f89c2b2f866bb0b1) Importer(815301076,1909f56bfc062723c751e8b465ee728b)
Start importing Assets/Prefabs/Car fast 2.prefab using Guid(9395ce1bffdb4444f89c2b2f866bb0b1) Importer(815301076,1909f56bfc062723c751e8b465ee728b)  -> (artifact id: 'b85c9b2c833372fa5515687213728884') in 0.032706 seconds 
========================================================================
Received Import Request.
  Time since last request: 10.651226 seconds.
  path: Assets/Prefabs/Car slow 3.prefab
  artifactKey: Guid(5887b5356e75d45458f7ef8444215ae6) Importer(815301076,1909f56bfc062723c751e8b465ee728b)
Start importing Assets/Prefabs/Car slow 3.prefab using Guid(5887b5356e75d45458f7ef8444215ae6) Importer(815301076,1909f56bfc062723c751e8b465ee728b)  -> (artifact id: 'dbc12df064184012f2d1fafb94db5554') in 0.033313 seconds 
========================================================================
Received Import Request.
  Time since last request: 13.135827 seconds.
  path: Assets/Prefabs/Car fast 4.prefab
  artifactKey: Guid(feb4387e6b959aa4e9f78ff2fe5a2dd0) Importer(815301076,1909f56bfc062723c751e8b465ee728b)
Start importing Assets/Prefabs/Car fast 4.prefab using Guid(feb4387e6b959aa4e9f78ff2fe5a2dd0) Importer(815301076,1909f56bfc062723c751e8b465ee728b)  -> (artifact id: '919975382570d62be9e4de0009c78570') in 0.031832 seconds 
========================================================================
Received Import Request.
  Time since last request: 15.461650 seconds.
  path: Assets/Prefabs/Car slow 4.prefab
  artifactKey: Guid(ccb7e3d72a92485419d5324e2611c4f4) Importer(815301076,1909f56bfc062723c751e8b465ee728b)
Start importing Assets/Prefabs/Car slow 4.prefab using Guid(ccb7e3d72a92485419d5324e2611c4f4) Importer(815301076,1909f56bfc062723c751e8b465ee728b)  -> (artifact id: '2e71ccc914c4e70fbe42c2671330c3ae') in 0.033067 seconds 
========================================================================
Received Import Request.
  Time since last request: 12.787712 seconds.
  path: Assets/Prefabs/Car fast 3.prefab
  artifactKey: Guid(f4072003bfcbec04e87c9604eb55f1e6) Importer(815301076,1909f56bfc062723c751e8b465ee728b)
Start importing Assets/Prefabs/Car fast 3.prefab using Guid(f4072003bfcbec04e87c9604eb55f1e6) Importer(815301076,1909f56bfc062723c751e8b465ee728b)  -> (artifact id: '61d5557df5cf96f76a664bceafcc9ef8') in 0.039729 seconds 
========================================================================
Received Import Request.
  Time since last request: 3.671725 seconds.
  path: Assets/Prefabs/Car fast 2.prefab
  artifactKey: Guid(9395ce1bffdb4444f89c2b2f866bb0b1) Importer(815301076,1909f56bfc062723c751e8b465ee728b)
Start importing Assets/Prefabs/Car fast 2.prefab using Guid(9395ce1bffdb4444f89c2b2f866bb0b1) Importer(815301076,1909f56bfc062723c751e8b465ee728b)  -> (artifact id: 'c0b2836ade9de963ef86ca9745f77f44') in 0.022503 seconds 
========================================================================
Received Import Request.
  Time since last request: 56.112224 seconds.
  path: Assets/Prefabs/Car fast 2.prefab
  artifactKey: Guid(9395ce1bffdb4444f89c2b2f866bb0b1) Importer(815301076,1909f56bfc062723c751e8b465ee728b)
Start importing Assets/Prefabs/Car fast 2.prefab using Guid(9395ce1bffdb4444f89c2b2f866bb0b1) Importer(815301076,1909f56bfc062723c751e8b465ee728b)  -> (artifact id: '423620499379d9f36ee364d02ec70eb6') in 0.029929 seconds 
========================================================================
Received Import Request.
  Time since last request: 8.881721 seconds.
  path: Assets/Prefabs/Car fast 4.prefab
  artifactKey: Guid(feb4387e6b959aa4e9f78ff2fe5a2dd0) Importer(815301076,1909f56bfc062723c751e8b465ee728b)
Start importing Assets/Prefabs/Car fast 4.prefab using Guid(feb4387e6b959aa4e9f78ff2fe5a2dd0) Importer(815301076,1909f56bfc062723c751e8b465ee728b)  -> (artifact id: 'e28564f5ba6412bc194de3cbf5614abe') in 0.021864 seconds 
========================================================================
Received Import Request.
  Time since last request: 36.848496 seconds.
  path: Assets/Prefabs/Car fast 4.prefab
  artifactKey: Guid(feb4387e6b959aa4e9f78ff2fe5a2dd0) Importer(815301076,1909f56bfc062723c751e8b465ee728b)
Start importing Assets/Prefabs/Car fast 4.prefab using Guid(feb4387e6b959aa4e9f78ff2fe5a2dd0) Importer(815301076,1909f56bfc062723c751e8b465ee728b)  -> (artifact id: '4732ef3f31daf86e563bbd4d9df3f7ce') in 0.034746 seconds 
========================================================================
Received Import Request.
  Time since last request: 36.685846 seconds.
  path: Assets/Prefabs/Car slow 3.prefab
  artifactKey: Guid(5887b5356e75d45458f7ef8444215ae6) Importer(815301076,1909f56bfc062723c751e8b465ee728b)
Start importing Assets/Prefabs/Car slow 3.prefab using Guid(5887b5356e75d45458f7ef8444215ae6) Importer(815301076,1909f56bfc062723c751e8b465ee728b)  -> (artifact id: 'f4843f93231efd1c20d0e24efc992d17') in 0.031654 seconds 
========================================================================
Received Import Request.
  Time since last request: 64.052459 seconds.
  path: Assets/Prefabs/Car slow 4.prefab
  artifactKey: Guid(ccb7e3d72a92485419d5324e2611c4f4) Importer(815301076,1909f56bfc062723c751e8b465ee728b)
Start importing Assets/Prefabs/Car slow 4.prefab using Guid(ccb7e3d72a92485419d5324e2611c4f4) Importer(815301076,1909f56bfc062723c751e8b465ee728b)  -> (artifact id: '1af604491a1dc58ceb22c8789cd1277e') in 0.029272 seconds 
========================================================================
Received Prepare
Registering precompiled user dll's ...
Registered in 0.000372 seconds.
Begin MonoManager ReloadAssembly
Native extension for WindowsStandalone target not found
Native extension for WebGL target not found
Refreshing native plugins compatible for Editor in 0.09 ms, found 0 plugins.
Preloading 0 native plugins for Editor in 0.00 ms.
Mono: successfully reloaded assembly
- Completed reload, in  1.012 seconds
Domain Reload Profiling:
	ReloadAssembly (1013ms)
		BeginReloadAssembly (243ms)
			ExecutionOrderSort (0ms)
			DisableScriptedObjects (6ms)
			BackupInstance (0ms)
			ReleaseScriptingObjects (0ms)
			CreateAndSetChildDomain (32ms)
		EndReloadAssembly (614ms)
			LoadAssemblies (176ms)
			RebuildTransferFunctionScriptingTraits (0ms)
			SetupTypeCache (177ms)
			ReleaseScriptCaches (0ms)
			RebuildScriptCaches (42ms)
			SetupLoadedEditorAssemblies (254ms)
				LogAssemblyErrors (0ms)
				InitializePlatformSupportModulesInManaged (19ms)
				SetLoadedEditorAssemblies (1ms)
				RefreshPlugins (0ms)
				BeforeProcessingInitializeOnLoad (51ms)
				ProcessInitializeOnLoadAttributes (151ms)
				ProcessInitializeOnLoadMethodAttributes (25ms)
				AfterProcessingInitializeOnLoad (7ms)
				EditorAssembliesLoaded (0ms)
			ExecutionOrderSort2 (0ms)
			AwakeInstancesAfterBackupRestoration (12ms)
Platform modules already initialized, skipping
Refreshing native plugins compatible for Editor in 0.28 ms, found 0 plugins.
Preloading 0 native plugins for Editor in 0.00 ms.
Unloading 320 Unused Serialized files (Serialized files now loaded: 0)
Unloading 2 unused Assets / (24.7 KB). Loaded Objects now: 812.
Memory consumption went from 34.6 MB to 34.5 MB.
Total: 5.132600 ms (FindLiveObjects: 0.121500 ms CreateObjectMapping: 0.042400 ms MarkObjects: 4.927500 ms  DeleteObjects: 0.039400 ms)

AssetImportParameters requested are different than current active one (requested -> active):
  custom:video-decoder-ogg-theora: a1e56fd34408186e4bbccfd4996cb3dc -> 
  custom:container-muxer-webm: aa71ff27fc2769a1b78a27578f13a17b -> 
  custom:container-demuxer-webm: 4f35f7cbe854078d1ac9338744f61a02 -> 
  custom:video-encoder-webm-vp8: eb34c28f22e8b96e1ab97ce403110664 -> 
  custom:audio-encoder-webm-vorbis: bf7c407c2cedff20999df2af8eb42d56 -> 
  custom:framework-win-MediaFoundation: 216162199b28c13a410421893ffa2e32 -> 
  custom:container-demuxer-ogg: 62fdf1f143b41e24485cea50d1cbac27 -> 
  custom:video-decoder-webm-vp8: 9c59270c3fd7afecdb556c50c9e8de78 -> 
  custom:audio-decoder-ogg-vorbis: bf7c407c2cedff20999df2af8eb42d56 -> 
